<?xml version="1.0" encoding="UTF-8"?>
<!-- Generated by org.testng.reporters.JUnitReportReporter -->
<testsuite skipped="0" hostname="ASUS-K53SM" name="com.npmjs.jsonserver.posts.testcases.GETAllPostsBDDTest" tests="1" failures="0" timestamp="23 Feb 2020 04:59:29 GMT" time="2.223" errors="0">
  <testcase name="getPosts" time="2.223" classname="com.npmjs.jsonserver.posts.testcases.GETAllPostsBDDTest"/>
</testsuite> <!-- com.npmjs.jsonserver.posts.testcases.GETAllPostsBDDTest -->
