<?xml version="1.0" encoding="UTF-8"?>
<!-- Generated by org.testng.reporters.JUnitReportReporter -->
<testsuite skipped="0" hostname="ASUS-K53SM" name="com.npmjs.jsonserver.posts.testcases.PATCHTest" tests="1" failures="0" timestamp="23 Feb 2020 09:31:43 GMT" time="3.719" errors="0">
  <testcase name="editPostPartialBDDTest" time="3.719" classname="com.npmjs.jsonserver.posts.testcases.PATCHTest"/>
</testsuite> <!-- com.npmjs.jsonserver.posts.testcases.PATCHTest -->
