<?xml version="1.0" encoding="UTF-8"?>
<!-- Generated by org.testng.reporters.JUnitReportReporter -->
<testsuite skipped="0" hostname="ASUS-K53SM" name="com.npmjs.jsonserver.posts.testcases.GETTest" tests="1" failures="0" timestamp="23 Feb 2020 08:05:14 GMT" time="2.443" errors="0">
  <testcase name="getOnePostBDDTest" time="2.443" classname="com.npmjs.jsonserver.posts.testcases.GETTest"/>
</testsuite> <!-- com.npmjs.jsonserver.posts.testcases.GETTest -->
