<?xml version="1.0" encoding="UTF-8"?>
<!-- Generated by org.testng.reporters.JUnitReportReporter -->
<testsuite skipped="0" hostname="ASUS-K53SM" name="com.npmjs.jsonserver.posts.testcases.PUTTest" tests="1" failures="0" timestamp="23 Feb 2020 09:26:58 GMT" time="3.254" errors="0">
  <testcase name="editPostCompleteBDDTest" time="3.254" classname="com.npmjs.jsonserver.posts.testcases.PUTTest"/>
</testsuite> <!-- com.npmjs.jsonserver.posts.testcases.PUTTest -->
