<?xml version="1.0" encoding="UTF-8"?>
<!-- Generated by org.testng.reporters.JUnitReportReporter -->
<testsuite skipped="0" hostname="ASUS-K53SM" name="com.npmjs.jsonserver.posts.testcases.DELETETest" tests="1" failures="0" timestamp="23 Feb 2020 09:23:39 GMT" time="10.818" errors="0">
  <testcase name="deletePostBDDTest" time="10.818" classname="com.npmjs.jsonserver.posts.testcases.DELETETest"/>
</testsuite> <!-- com.npmjs.jsonserver.posts.testcases.DELETETest -->
