<?xml version="1.0" encoding="UTF-8"?>
<!-- Generated by org.testng.reporters.JUnitReportReporter -->
<testsuite skipped="0" hostname="ASUS-K53SM" name="com.npmjs.jsonserver.posts.testcases.POSTTest" tests="1" failures="0" timestamp="23 Feb 2020 09:11:52 GMT" time="3.168" errors="0">
  <testcase name="createPostBDDTest" time="3.168" classname="com.npmjs.jsonserver.posts.testcases.POSTTest"/>
</testsuite> <!-- com.npmjs.jsonserver.posts.testcases.POSTTest -->
